{"/Users/NoxAir/Development/makers-academy/final-project/mapp/spec/node/specHelper.js":{"path":"/Users/NoxAir/Development/makers-academy/final-project/mapp/spec/node/specHelper.js","s":{"1":1,"2":1,"3":1,"4":1,"5":1,"6":1,"7":1,"8":1,"9":1,"10":1,"11":1,"12":1,"13":1,"14":1,"15":1},"b":{},"f":{},"fnMap":{},"statementMap":{"1":{"start":{"line":1,"column":0},"end":{"line":8,"column":0}},"2":{"start":{"line":8,"column":0},"end":{"line":13,"column":0}},"3":{"start":{"line":13,"column":0},"end":{"line":20,"column":0}},"4":{"start":{"line":20,"column":0},"end":{"line":25,"column":0}},"5":{"start":{"line":25,"column":0},"end":{"line":32,"column":0}},"6":{"start":{"line":32,"column":0},"end":{"line":37,"column":0}},"7":{"start":{"line":37,"column":0},"end":{"line":44,"column":0}},"8":{"start":{"line":44,"column":0},"end":{"line":49,"column":0}},"9":{"start":{"line":49,"column":0},"end":{"line":57,"column":0}},"10":{"start":{"line":57,"column":0},"end":{"line":64,"column":0}},"11":{"start":{"line":64,"column":0},"end":{"line":69,"column":0}},"12":{"start":{"line":69,"column":0},"end":{"line":76,"column":0}},"13":{"start":{"line":76,"column":0},"end":{"line":81,"column":0}},"14":{"start":{"line":81,"column":0},"end":{"line":85,"column":0}},"15":{"start":{"line":85,"column":0},"end":{"line":163,"column":0}}},"branchMap":{}},"/Users/NoxAir/Development/makers-academy/final-project/mapp/spec/node/TwitSpec.js":{"path":"/Users/NoxAir/Development/makers-academy/final-project/mapp/spec/node/TwitSpec.js","s":{"1":1,"2":1,"3":1,"4":1,"5":1,"6":1,"7":1,"8":1,"9":1,"10":1,"11":1,"12":4,"13":1,"14":1,"15":1,"16":1,"17":1,"18":1,"19":1,"20":1,"21":1,"22":1,"23":1,"24":1},"b":{},"f":{"1":1,"2":1,"3":1,"4":1,"5":1,"6":4,"7":1,"8":1,"9":1,"10":1},"fnMap":{"1":{"name":"(anonymous_1)","line":4,"loc":{"start":{"line":4,"column":24},"end":{"line":4,"column":35}}},"2":{"name":"(anonymous_2)","line":6,"loc":{"start":{"line":6,"column":23},"end":{"line":6,"column":34}}},"3":{"name":"(anonymous_3)","line":10,"loc":{"start":{"line":10,"column":24},"end":{"line":10,"column":35}}},"4":{"name":"(anonymous_4)","line":14,"loc":{"start":{"line":14,"column":25},"end":{"line":14,"column":36}}},"5":{"name":"(anonymous_5)","line":18,"loc":{"start":{"line":18,"column":51},"end":{"line":18,"column":62}}},"6":{"name":"(anonymous_6)","line":20,"loc":{"start":{"line":20,"column":15},"end":{"line":20,"column":25}}},"7":{"name":"(anonymous_7)","line":24,"loc":{"start":{"line":24,"column":23},"end":{"line":24,"column":34}}},"8":{"name":"(anonymous_8)","line":28,"loc":{"start":{"line":28,"column":34},"end":{"line":28,"column":45}}},"9":{"name":"(anonymous_9)","line":33,"loc":{"start":{"line":33,"column":36},"end":{"line":33,"column":47}}},"10":{"name":"(anonymous_10)","line":38,"loc":{"start":{"line":38,"column":36},"end":{"line":38,"column":47}}}},"statementMap":{"1":{"start":{"line":1,"column":0},"end":{"line":2,"column":0}},"2":{"start":{"line":2,"column":0},"end":{"line":4,"column":0}},"3":{"start":{"line":4,"column":0},"end":{"line":46,"column":0}},"4":{"start":{"line":6,"column":2},"end":{"line":10,"column":2}},"5":{"start":{"line":7,"column":4},"end":{"line":8,"column":2}},"6":{"start":{"line":10,"column":2},"end":{"line":14,"column":2}},"7":{"start":{"line":11,"column":4},"end":{"line":12,"column":2}},"8":{"start":{"line":14,"column":2},"end":{"line":18,"column":2}},"9":{"start":{"line":15,"column":4},"end":{"line":16,"column":2}},"10":{"start":{"line":18,"column":2},"end":{"line":44,"column":0}},"11":{"start":{"line":20,"column":4},"end":{"line":24,"column":4}},"12":{"start":{"line":21,"column":6},"end":{"line":22,"column":4}},"13":{"start":{"line":24,"column":4},"end":{"line":28,"column":4}},"14":{"start":{"line":25,"column":6},"end":{"line":26,"column":4}},"15":{"start":{"line":28,"column":4},"end":{"line":33,"column":4}},"16":{"start":{"line":29,"column":6},"end":{"line":30,"column":6}},"17":{"start":{"line":30,"column":6},"end":{"line":31,"column":4}},"18":{"start":{"line":33,"column":4},"end":{"line":38,"column":4}},"19":{"start":{"line":34,"column":6},"end":{"line":35,"column":6}},"20":{"start":{"line":35,"column":6},"end":{"line":36,"column":4}},"21":{"start":{"line":38,"column":4},"end":{"line":43,"column":2}},"22":{"start":{"line":39,"column":6},"end":{"line":40,"column":6}},"23":{"start":{"line":40,"column":6},"end":{"line":41,"column":6}},"24":{"start":{"line":41,"column":6},"end":{"line":42,"column":4}}},"branchMap":{}},"/Users/NoxAir/Development/makers-academy/final-project/mapp/spec/node/mocks/mockTwit.js":{"path":"/Users/NoxAir/Development/makers-academy/final-project/mapp/spec/node/mocks/mockTwit.js","s":{"1":1,"2":1,"3":1,"4":2,"5":2,"6":1,"7":7,"8":1,"9":2,"10":1,"11":4},"b":{},"f":{"1":2,"2":7,"3":2,"4":4},"fnMap":{"1":{"name":"(anonymous_1)","line":5,"loc":{"start":{"line":5,"column":18},"end":{"line":5,"column":29}}},"2":{"name":"(anonymous_2)","line":10,"loc":{"start":{"line":10,"column":19},"end":{"line":10,"column":30}}},"3":{"name":"(anonymous_3)","line":14,"loc":{"start":{"line":14,"column":20},"end":{"line":14,"column":31}}},"4":{"name":"(anonymous_4)","line":18,"loc":{"start":{"line":18,"column":14},"end":{"line":18,"column":25}}}},"statementMap":{"1":{"start":{"line":1,"column":0},"end":{"line":3,"column":0}},"2":{"start":{"line":3,"column":0},"end":{"line":5,"column":0}},"3":{"start":{"line":5,"column":0},"end":{"line":8,"column":2}},"4":{"start":{"line":6,"column":2},"end":{"line":7,"column":2}},"5":{"start":{"line":7,"column":2},"end":{"line":8,"column":0}},"6":{"start":{"line":10,"column":0},"end":{"line":12,"column":2}},"7":{"start":{"line":11,"column":2},"end":{"line":12,"column":0}},"8":{"start":{"line":14,"column":0},"end":{"line":16,"column":2}},"9":{"start":{"line":15,"column":2},"end":{"line":16,"column":0}},"10":{"start":{"line":18,"column":0},"end":{"line":20,"column":2}},"11":{"start":{"line":19,"column":2},"end":{"line":20,"column":0}}},"branchMap":{}},"/Users/NoxAir/Development/makers-academy/final-project/mapp/spec/node/mocks/mockTweet.js":{"path":"/Users/NoxAir/Development/makers-academy/final-project/mapp/spec/node/mocks/mockTweet.js","s":{"1":1},"b":{},"f":{},"fnMap":{},"statementMap":{"1":{"start":{"line":1,"column":0},"end":{"line":79,"column":0}}},"branchMap":{}},"/Users/NoxAir/Development/makers-academy/final-project/mapp/spec/node/colourPickerSpec.js":{"path":"/Users/NoxAir/Development/makers-academy/final-project/mapp/spec/node/colourPickerSpec.js","s":{"1":1,"2":1,"3":1,"4":1,"5":1,"6":1,"7":1,"8":1},"b":{},"f":{"1":1,"2":1,"3":1,"4":1},"fnMap":{"1":{"name":"(anonymous_1)","line":3,"loc":{"start":{"line":3,"column":23},"end":{"line":3,"column":34}}},"2":{"name":"(anonymous_2)","line":5,"loc":{"start":{"line":5,"column":53},"end":{"line":5,"column":64}}},"3":{"name":"(anonymous_3)","line":9,"loc":{"start":{"line":9,"column":50},"end":{"line":9,"column":61}}},"4":{"name":"(anonymous_4)","line":13,"loc":{"start":{"line":13,"column":39},"end":{"line":13,"column":50}}}},"statementMap":{"1":{"start":{"line":1,"column":0},"end":{"line":3,"column":0}},"2":{"start":{"line":3,"column":0},"end":{"line":19,"column":0}},"3":{"start":{"line":5,"column":2},"end":{"line":9,"column":2}},"4":{"start":{"line":6,"column":4},"end":{"line":7,"column":2}},"5":{"start":{"line":9,"column":2},"end":{"line":13,"column":2}},"6":{"start":{"line":10,"column":4},"end":{"line":11,"column":2}},"7":{"start":{"line":13,"column":2},"end":{"line":17,"column":0}},"8":{"start":{"line":14,"column":4},"end":{"line":15,"column":2}}},"branchMap":{}},"/Users/NoxAir/Development/makers-academy/final-project/mapp/src/colourPicker.js":{"path":"/Users/NoxAir/Development/makers-academy/final-project/mapp/src/colourPicker.js","s":{"1":1,"2":3,"3":3,"4":1,"5":1,"6":2,"7":1,"8":1,"9":1,"10":3,"11":1,"12":9,"13":9,"14":1,"15":3},"b":{"1":[1,2],"2":[1,1],"3":[2,7]},"f":{"1":3,"2":9,"3":3},"fnMap":{"1":{"name":"(anonymous_1)","line":1,"loc":{"start":{"line":1,"column":21},"end":{"line":1,"column":41}}},"2":{"name":"_componentToHex","line":14,"loc":{"start":{"line":14,"column":0},"end":{"line":14,"column":28}}},"3":{"name":"_rgbToHex","line":19,"loc":{"start":{"line":19,"column":0},"end":{"line":19,"column":28}}}},"statementMap":{"1":{"start":{"line":1,"column":0},"end":{"line":10,"column":2}},"2":{"start":{"line":2,"column":1},"end":{"line":2,"column":18}},"3":{"start":{"line":3,"column":1},"end":{"line":8,"column":44}},"4":{"start":{"line":4,"column":2},"end":{"line":4,"column":52}},"5":{"start":{"line":5,"column":4},"end":{"line":5,"column":42}},"6":{"start":{"line":6,"column":8},"end":{"line":8,"column":44}},"7":{"start":{"line":6,"column":29},"end":{"line":6,"column":80}},"8":{"start":{"line":7,"column":4},"end":{"line":7,"column":42}},"9":{"start":{"line":8,"column":10},"end":{"line":8,"column":43}},"10":{"start":{"line":9,"column":2},"end":{"line":9,"column":16}},"11":{"start":{"line":14,"column":0},"end":{"line":17,"column":1}},"12":{"start":{"line":15,"column":4},"end":{"line":15,"column":29}},"13":{"start":{"line":16,"column":4},"end":{"line":16,"column":46}},"14":{"start":{"line":19,"column":0},"end":{"line":21,"column":1}},"15":{"start":{"line":20,"column":4},"end":{"line":20,"column":78}}},"branchMap":{"1":{"line":3,"type":"if","locations":[{"start":{"line":3,"column":1},"end":{"line":3,"column":1}},{"start":{"line":3,"column":1},"end":{"line":3,"column":1}}]},"2":{"line":6,"type":"if","locations":[{"start":{"line":6,"column":8},"end":{"line":6,"column":8}},{"start":{"line":6,"column":8},"end":{"line":6,"column":8}}]},"3":{"line":16,"type":"cond-expr","locations":[{"start":{"line":16,"column":30},"end":{"line":16,"column":39}},{"start":{"line":16,"column":42},"end":{"line":16,"column":45}}]}}},"/Users/NoxAir/Development/makers-academy/final-project/mapp/spec/node/punctuationStripperSpec.js":{"path":"/Users/NoxAir/Development/makers-academy/final-project/mapp/spec/node/punctuationStripperSpec.js","s":{"1":1,"2":1,"3":1,"4":1,"5":1,"6":1,"7":1,"8":1},"b":{},"f":{"1":1,"2":1,"3":1,"4":1},"fnMap":{"1":{"name":"(anonymous_1)","line":3,"loc":{"start":{"line":3,"column":31},"end":{"line":3,"column":42}}},"2":{"name":"(anonymous_2)","line":5,"loc":{"start":{"line":5,"column":52},"end":{"line":5,"column":63}}},"3":{"name":"(anonymous_3)","line":9,"loc":{"start":{"line":9,"column":40},"end":{"line":9,"column":51}}},"4":{"name":"(anonymous_4)","line":13,"loc":{"start":{"line":13,"column":41},"end":{"line":13,"column":52}}}},"statementMap":{"1":{"start":{"line":1,"column":0},"end":{"line":3,"column":0}},"2":{"start":{"line":3,"column":0},"end":{"line":18,"column":3}},"3":{"start":{"line":5,"column":1},"end":{"line":7,"column":4}},"4":{"start":{"line":6,"column":2},"end":{"line":6,"column":61}},"5":{"start":{"line":9,"column":1},"end":{"line":11,"column":4}},"6":{"start":{"line":10,"column":2},"end":{"line":10,"column":100}},"7":{"start":{"line":13,"column":1},"end":{"line":15,"column":4}},"8":{"start":{"line":14,"column":2},"end":{"line":14,"column":60}}},"branchMap":{}},"/Users/NoxAir/Development/makers-academy/final-project/mapp/src/punctuationStripper.js":{"path":"/Users/NoxAir/Development/makers-academy/final-project/mapp/src/punctuationStripper.js","s":{"1":1,"2":3,"3":3,"4":3,"5":1,"6":3},"b":{},"f":{"1":3,"2":3},"fnMap":{"1":{"name":"(anonymous_1)","line":1,"loc":{"start":{"line":1,"column":29},"end":{"line":1,"column":47}}},"2":{"name":"_removePunctuation","line":10,"loc":{"start":{"line":10,"column":0},"end":{"line":10,"column":34}}}},"statementMap":{"1":{"start":{"line":1,"column":0},"end":{"line":6,"column":2}},"2":{"start":{"line":2,"column":2},"end":{"line":2,"column":57}},"3":{"start":{"line":3,"column":2},"end":{"line":3,"column":29}},"4":{"start":{"line":4,"column":2},"end":{"line":4,"column":42}},"5":{"start":{"line":10,"column":0},"end":{"line":12,"column":1}},"6":{"start":{"line":11,"column":2},"end":{"line":11,"column":75}}},"branchMap":{}},"/Users/NoxAir/Development/makers-academy/final-project/mapp/spec/node/sentimentSpec.js":{"path":"/Users/NoxAir/Development/makers-academy/final-project/mapp/spec/node/sentimentSpec.js","s":{"1":1,"2":1,"3":1,"4":1,"5":1,"6":1,"7":1,"8":1,"9":1,"10":1,"11":1,"12":1,"13":1,"14":1,"15":1,"16":1,"17":1},"b":{},"f":{"1":1,"2":1,"3":1,"4":1,"5":1,"6":1,"7":1,"8":1},"fnMap":{"1":{"name":"(anonymous_1)","line":4,"loc":{"start":{"line":4,"column":29},"end":{"line":4,"column":40}}},"2":{"name":"(anonymous_2)","line":6,"loc":{"start":{"line":6,"column":56},"end":{"line":6,"column":67}}},"3":{"name":"(anonymous_3)","line":10,"loc":{"start":{"line":10,"column":112},"end":{"line":10,"column":123}}},"4":{"name":"(anonymous_4)","line":14,"loc":{"start":{"line":14,"column":44},"end":{"line":14,"column":55}}},"5":{"name":"(anonymous_5)","line":18,"loc":{"start":{"line":18,"column":43},"end":{"line":18,"column":54}}},"6":{"name":"(anonymous_6)","line":22,"loc":{"start":{"line":22,"column":70},"end":{"line":22,"column":81}}},"7":{"name":"(anonymous_7)","line":26,"loc":{"start":{"line":26,"column":32},"end":{"line":26,"column":43}}},"8":{"name":"(anonymous_8)","line":30,"loc":{"start":{"line":30,"column":32},"end":{"line":30,"column":43}}}},"statementMap":{"1":{"start":{"line":1,"column":0},"end":{"line":2,"column":0}},"2":{"start":{"line":2,"column":0},"end":{"line":4,"column":0}},"3":{"start":{"line":4,"column":0},"end":{"line":36,"column":3}},"4":{"start":{"line":6,"column":2},"end":{"line":8,"column":9}},"5":{"start":{"line":7,"column":4},"end":{"line":7,"column":91}},"6":{"start":{"line":10,"column":1},"end":{"line":12,"column":4}},"7":{"start":{"line":11,"column":2},"end":{"line":11,"column":107}},"8":{"start":{"line":14,"column":1},"end":{"line":16,"column":4}},"9":{"start":{"line":15,"column":2},"end":{"line":15,"column":99}},"10":{"start":{"line":18,"column":1},"end":{"line":22,"column":1}},"11":{"start":{"line":19,"column":2},"end":{"line":19,"column":97}},"12":{"start":{"line":22,"column":1},"end":{"line":26,"column":1}},"13":{"start":{"line":23,"column":2},"end":{"line":24,"column":1}},"14":{"start":{"line":26,"column":1},"end":{"line":30,"column":1}},"15":{"start":{"line":27,"column":2},"end":{"line":27,"column":105}},"16":{"start":{"line":30,"column":1},"end":{"line":36,"column":0}},"17":{"start":{"line":31,"column":2},"end":{"line":31,"column":115}}},"branchMap":{}},"/Users/NoxAir/Development/makers-academy/final-project/mapp/src/sentimentAnalysis.js":{"path":"/Users/NoxAir/Development/makers-academy/final-project/mapp/src/sentimentAnalysis.js","s":{"1":1,"2":1,"3":1,"4":7,"5":7,"6":7,"7":7,"8":7,"9":7,"10":1,"11":9,"12":9,"13":9,"14":1,"15":7,"16":7,"17":22,"18":19,"19":9,"20":9},"b":{"1":[19,3],"2":[9,10]},"f":{"1":7,"2":9,"3":7,"4":22},"fnMap":{"1":{"name":"(anonymous_1)","line":4,"loc":{"start":{"line":4,"column":27},"end":{"line":4,"column":45}}},"2":{"name":"_updateSentiment","line":15,"loc":{"start":{"line":15,"column":0},"end":{"line":15,"column":38}}},"3":{"name":"_wordLookup","line":21,"loc":{"start":{"line":21,"column":0},"end":{"line":21,"column":29}}},"4":{"name":"(anonymous_4)","line":23,"loc":{"start":{"line":23,"column":23},"end":{"line":23,"column":38}}}},"statementMap":{"1":{"start":{"line":1,"column":0},"end":{"line":1,"column":81}},"2":{"start":{"line":2,"column":0},"end":{"line":4,"column":0}},"3":{"start":{"line":4,"column":0},"end":{"line":15,"column":0}},"4":{"start":{"line":5,"column":1},"end":{"line":5,"column":15}},"5":{"start":{"line":6,"column":2},"end":{"line":6,"column":12}},"6":{"start":{"line":7,"column":2},"end":{"line":7,"column":28}},"7":{"start":{"line":8,"column":2},"end":{"line":8,"column":17}},"8":{"start":{"line":9,"column":2},"end":{"line":9,"column":22}},"9":{"start":{"line":10,"column":2},"end":{"line":10,"column":64}},"10":{"start":{"line":15,"column":0},"end":{"line":19,"column":1}},"11":{"start":{"line":16,"column":2},"end":{"line":16,"column":13}},"12":{"start":{"line":17,"column":2},"end":{"line":17,"column":55}},"13":{"start":{"line":18,"column":2},"end":{"line":18,"column":48}},"14":{"start":{"line":21,"column":0},"end":{"line":32,"column":1}},"15":{"start":{"line":22,"column":2},"end":{"line":22,"column":44}},"16":{"start":{"line":23,"column":2},"end":{"line":31,"column":5}},"17":{"start":{"line":24,"column":4},"end":{"line":30,"column":5}},"18":{"start":{"line":25,"column":6},"end":{"line":29,"column":7}},"19":{"start":{"line":26,"column":10},"end":{"line":26,"column":46}},"20":{"start":{"line":27,"column":10},"end":{"line":27,"column":41}}},"branchMap":{"1":{"line":24,"type":"if","locations":[{"start":{"line":24,"column":4},"end":{"line":24,"column":4}},{"start":{"line":24,"column":4},"end":{"line":24,"column":4}}]},"2":{"line":25,"type":"if","locations":[{"start":{"line":25,"column":6},"end":{"line":25,"column":6}},{"start":{"line":25,"column":6},"end":{"line":25,"column":6}}]}}},"/Users/NoxAir/Development/makers-academy/final-project/mapp/src/sentiments/sentimentLookup.js":{"path":"/Users/NoxAir/Development/makers-academy/final-project/mapp/src/sentiments/sentimentLookup.js","s":{"1":1},"b":{},"f":{},"fnMap":{},"statementMap":{"1":{"start":{"line":1,"column":0},"end":{"line":12,"column":0}}},"branchMap":{}},"/Users/NoxAir/Development/makers-academy/final-project/mapp/spec/node/socketStripperSpec.js":{"path":"/Users/NoxAir/Development/makers-academy/final-project/mapp/spec/node/socketStripperSpec.js","s":{"1":1,"2":1,"3":1,"4":1,"5":1,"6":1},"b":{},"f":{"1":1,"2":1,"3":1},"fnMap":{"1":{"name":"(anonymous_1)","line":3,"loc":{"start":{"line":3,"column":27},"end":{"line":3,"column":38}}},"2":{"name":"(anonymous_2)","line":5,"loc":{"start":{"line":5,"column":48},"end":{"line":5,"column":59}}},"3":{"name":"(anonymous_3)","line":9,"loc":{"start":{"line":9,"column":45},"end":{"line":9,"column":56}}}},"statementMap":{"1":{"start":{"line":1,"column":0},"end":{"line":3,"column":0}},"2":{"start":{"line":3,"column":0},"end":{"line":14,"column":0}},"3":{"start":{"line":5,"column":1},"end":{"line":7,"column":4}},"4":{"start":{"line":6,"column":2},"end":{"line":6,"column":75}},"5":{"start":{"line":9,"column":1},"end":{"line":11,"column":4}},"6":{"start":{"line":10,"column":2},"end":{"line":10,"column":57}}},"branchMap":{}},"/Users/NoxAir/Development/makers-academy/final-project/mapp/src/socketStripper.js":{"path":"/Users/NoxAir/Development/makers-academy/final-project/mapp/src/socketStripper.js","s":{"1":1,"2":2},"b":{},"f":{"1":2},"fnMap":{"1":{"name":"(anonymous_1)","line":1,"loc":{"start":{"line":1,"column":25},"end":{"line":1,"column":42}}}},"statementMap":{"1":{"start":{"line":1,"column":0},"end":{"line":5,"column":2}},"2":{"start":{"line":2,"column":1},"end":{"line":4,"column":12}}},"branchMap":{}},"/Users/NoxAir/Development/makers-academy/final-project/mapp/spec/node/tweetFormatterSpec.js":{"path":"/Users/NoxAir/Development/makers-academy/final-project/mapp/spec/node/tweetFormatterSpec.js","s":{"1":1,"2":1,"3":1,"4":1,"5":1,"6":1,"7":1,"8":1},"b":{},"f":{"1":1,"2":1,"3":1,"4":1},"fnMap":{"1":{"name":"(anonymous_1)","line":3,"loc":{"start":{"line":3,"column":27},"end":{"line":3,"column":38}}},"2":{"name":"(anonymous_2)","line":5,"loc":{"start":{"line":5,"column":42},"end":{"line":5,"column":53}}},"3":{"name":"(anonymous_3)","line":9,"loc":{"start":{"line":9,"column":80},"end":{"line":9,"column":91}}},"4":{"name":"(anonymous_4)","line":13,"loc":{"start":{"line":13,"column":40},"end":{"line":13,"column":51}}}},"statementMap":{"1":{"start":{"line":1,"column":0},"end":{"line":3,"column":0}},"2":{"start":{"line":3,"column":0},"end":{"line":19,"column":0}},"3":{"start":{"line":5,"column":2},"end":{"line":9,"column":2}},"4":{"start":{"line":6,"column":4},"end":{"line":6,"column":78}},"5":{"start":{"line":9,"column":2},"end":{"line":13,"column":2}},"6":{"start":{"line":10,"column":4},"end":{"line":10,"column":80}},"7":{"start":{"line":13,"column":2},"end":{"line":17,"column":0}},"8":{"start":{"line":14,"column":4},"end":{"line":14,"column":78}}},"branchMap":{}},"/Users/NoxAir/Development/makers-academy/final-project/mapp/src/tweetFormatter.js":{"path":"/Users/NoxAir/Development/makers-academy/final-project/mapp/src/tweetFormatter.js","s":{"1":1,"2":3},"b":{},"f":{"1":3},"fnMap":{"1":{"name":"(anonymous_1)","line":1,"loc":{"start":{"line":1,"column":22},"end":{"line":1,"column":38}}}},"statementMap":{"1":{"start":{"line":1,"column":0},"end":{"line":6,"column":2}},"2":{"start":{"line":2,"column":2},"end":{"line":5,"column":12}}},"branchMap":{}},"/Users/NoxAir/Development/makers-academy/final-project/mapp/spec/node/tweetSpec.js":{"path":"/Users/NoxAir/Development/makers-academy/final-project/mapp/spec/node/tweetSpec.js","s":{"1":1,"2":1,"3":1,"4":1,"5":1,"6":1,"7":1,"8":1,"9":1},"b":{},"f":{"1":1,"2":1,"3":1,"4":1,"5":1},"fnMap":{"1":{"name":"(anonymous_1)","line":1,"loc":{"start":{"line":1,"column":18},"end":{"line":1,"column":28}}},"2":{"name":"(anonymous_2)","line":3,"loc":{"start":{"line":3,"column":21},"end":{"line":3,"column":31}}},"3":{"name":"(anonymous_3)","line":7,"loc":{"start":{"line":7,"column":29},"end":{"line":7,"column":39}}},"4":{"name":"(anonymous_4)","line":11,"loc":{"start":{"line":11,"column":36},"end":{"line":11,"column":46}}},"5":{"name":"(anonymous_5)","line":15,"loc":{"start":{"line":15,"column":33},"end":{"line":15,"column":43}}}},"statementMap":{"1":{"start":{"line":1,"column":0},"end":{"line":19,"column":3}},"2":{"start":{"line":3,"column":2},"end":{"line":5,"column":5}},"3":{"start":{"line":4,"column":4},"end":{"line":4,"column":47}},"4":{"start":{"line":7,"column":2},"end":{"line":9,"column":5}},"5":{"start":{"line":8,"column":4},"end":{"line":9,"column":2}},"6":{"start":{"line":11,"column":2},"end":{"line":13,"column":5}},"7":{"start":{"line":12,"column":4},"end":{"line":13,"column":2}},"8":{"start":{"line":15,"column":2},"end":{"line":17,"column":5}},"9":{"start":{"line":16,"column":4},"end":{"line":17,"column":2}}},"branchMap":{}}}