TN:
SF:/Users/NoxAir/Development/makers-academy/final-project/mapp/spec/node/specHelper.js
FNF:0
FNH:0
DA:1,1
DA:8,1
DA:13,1
DA:20,1
DA:25,1
DA:32,1
DA:37,1
DA:44,1
DA:49,1
DA:57,1
DA:64,1
DA:69,1
DA:76,1
DA:81,1
DA:85,1
LF:15
LH:15
BRF:0
BRH:0
end_of_record
TN:
SF:/Users/NoxAir/Development/makers-academy/final-project/mapp/spec/node/TwitSpec.js
FN:4,(anonymous_1)
FN:6,(anonymous_2)
FN:10,(anonymous_3)
FN:14,(anonymous_4)
FN:18,(anonymous_5)
FN:20,(anonymous_6)
FN:24,(anonymous_7)
FN:28,(anonymous_8)
FN:33,(anonymous_9)
FN:38,(anonymous_10)
FNF:10
FNH:10
FNDA:1,(anonymous_1)
FNDA:1,(anonymous_2)
FNDA:1,(anonymous_3)
FNDA:1,(anonymous_4)
FNDA:1,(anonymous_5)
FNDA:4,(anonymous_6)
FNDA:1,(anonymous_7)
FNDA:1,(anonymous_8)
FNDA:1,(anonymous_9)
FNDA:1,(anonymous_10)
DA:1,1
DA:2,1
DA:4,1
DA:6,1
DA:7,1
DA:10,1
DA:11,1
DA:14,1
DA:15,1
DA:18,1
DA:20,1
DA:21,4
DA:24,1
DA:25,1
DA:28,1
DA:29,1
DA:30,1
DA:33,1
DA:34,1
DA:35,1
DA:38,1
DA:39,1
DA:40,1
DA:41,1
LF:24
LH:24
BRF:0
BRH:0
end_of_record
TN:
SF:/Users/NoxAir/Development/makers-academy/final-project/mapp/spec/node/mocks/mockTwit.js
FN:5,(anonymous_1)
FN:10,(anonymous_2)
FN:14,(anonymous_3)
FN:18,(anonymous_4)
FNF:4
FNH:4
FNDA:2,(anonymous_1)
FNDA:7,(anonymous_2)
FNDA:2,(anonymous_3)
FNDA:4,(anonymous_4)
DA:1,1
DA:3,1
DA:5,1
DA:6,2
DA:7,2
DA:10,1
DA:11,7
DA:14,1
DA:15,2
DA:18,1
DA:19,4
LF:11
LH:11
BRF:0
BRH:0
end_of_record
TN:
SF:/Users/NoxAir/Development/makers-academy/final-project/mapp/spec/node/mocks/mockTweet.js
FNF:0
FNH:0
DA:1,1
LF:1
LH:1
BRF:0
BRH:0
end_of_record
TN:
SF:/Users/NoxAir/Development/makers-academy/final-project/mapp/spec/node/colourPickerSpec.js
FN:3,(anonymous_1)
FN:5,(anonymous_2)
FN:9,(anonymous_3)
FN:13,(anonymous_4)
FNF:4
FNH:4
FNDA:1,(anonymous_1)
FNDA:1,(anonymous_2)
FNDA:1,(anonymous_3)
FNDA:1,(anonymous_4)
DA:1,1
DA:3,1
DA:5,1
DA:6,1
DA:9,1
DA:10,1
DA:13,1
DA:14,1
LF:8
LH:8
BRF:0
BRH:0
end_of_record
TN:
SF:/Users/NoxAir/Development/makers-academy/final-project/mapp/src/colourPicker.js
FN:1,(anonymous_1)
FN:14,_componentToHex
FN:19,_rgbToHex
FNF:3
FNH:3
FNDA:3,(anonymous_1)
FNDA:9,_componentToHex
FNDA:3,_rgbToHex
DA:1,1
DA:2,3
DA:3,3
DA:4,1
DA:5,1
DA:6,2
DA:7,1
DA:8,1
DA:9,3
DA:14,1
DA:15,9
DA:16,9
DA:19,1
DA:20,3
LF:14
LH:14
BRDA:3,1,0,1
BRDA:3,1,1,2
BRDA:6,2,0,1
BRDA:6,2,1,1
BRDA:16,3,0,2
BRDA:16,3,1,7
BRF:6
BRH:6
end_of_record
TN:
SF:/Users/NoxAir/Development/makers-academy/final-project/mapp/spec/node/punctuationStripperSpec.js
FN:3,(anonymous_1)
FN:5,(anonymous_2)
FN:9,(anonymous_3)
FN:13,(anonymous_4)
FNF:4
FNH:4
FNDA:1,(anonymous_1)
FNDA:1,(anonymous_2)
FNDA:1,(anonymous_3)
FNDA:1,(anonymous_4)
DA:1,1
DA:3,1
DA:5,1
DA:6,1
DA:9,1
DA:10,1
DA:13,1
DA:14,1
LF:8
LH:8
BRF:0
BRH:0
end_of_record
TN:
SF:/Users/NoxAir/Development/makers-academy/final-project/mapp/src/punctuationStripper.js
FN:1,(anonymous_1)
FN:10,_removePunctuation
FNF:2
FNH:2
FNDA:3,(anonymous_1)
FNDA:3,_removePunctuation
DA:1,1
DA:2,3
DA:3,3
DA:4,3
DA:10,1
DA:11,3
LF:6
LH:6
BRF:0
BRH:0
end_of_record
TN:
SF:/Users/NoxAir/Development/makers-academy/final-project/mapp/spec/node/sentimentSpec.js
FN:4,(anonymous_1)
FN:6,(anonymous_2)
FN:10,(anonymous_3)
FN:14,(anonymous_4)
FN:18,(anonymous_5)
FN:22,(anonymous_6)
FN:26,(anonymous_7)
FN:30,(anonymous_8)
FNF:8
FNH:8
FNDA:1,(anonymous_1)
FNDA:1,(anonymous_2)
FNDA:1,(anonymous_3)
FNDA:1,(anonymous_4)
FNDA:1,(anonymous_5)
FNDA:1,(anonymous_6)
FNDA:1,(anonymous_7)
FNDA:1,(anonymous_8)
DA:1,1
DA:2,1
DA:4,1
DA:6,1
DA:7,1
DA:10,1
DA:11,1
DA:14,1
DA:15,1
DA:18,1
DA:19,1
DA:22,1
DA:23,1
DA:26,1
DA:27,1
DA:30,1
DA:31,1
LF:17
LH:17
BRF:0
BRH:0
end_of_record
TN:
SF:/Users/NoxAir/Development/makers-academy/final-project/mapp/src/sentimentAnalysis.js
FN:4,(anonymous_1)
FN:15,_updateSentiment
FN:21,_wordLookup
FN:23,(anonymous_4)
FNF:4
FNH:4
FNDA:7,(anonymous_1)
FNDA:9,_updateSentiment
FNDA:7,_wordLookup
FNDA:22,(anonymous_4)
DA:1,1
DA:2,1
DA:4,1
DA:5,7
DA:6,7
DA:7,7
DA:8,7
DA:9,7
DA:10,7
DA:15,1
DA:16,9
DA:17,9
DA:18,9
DA:21,1
DA:22,7
DA:23,7
DA:24,22
DA:25,19
DA:26,9
DA:27,9
LF:20
LH:20
BRDA:24,1,0,19
BRDA:24,1,1,3
BRDA:25,2,0,9
BRDA:25,2,1,10
BRF:4
BRH:4
end_of_record
TN:
SF:/Users/NoxAir/Development/makers-academy/final-project/mapp/src/sentiments/sentimentLookup.js
FNF:0
FNH:0
DA:1,1
LF:1
LH:1
BRF:0
BRH:0
end_of_record
TN:
SF:/Users/NoxAir/Development/makers-academy/final-project/mapp/spec/node/socketStripperSpec.js
FN:3,(anonymous_1)
FN:5,(anonymous_2)
FN:9,(anonymous_3)
FNF:3
FNH:3
FNDA:1,(anonymous_1)
FNDA:1,(anonymous_2)
FNDA:1,(anonymous_3)
DA:1,1
DA:3,1
DA:5,1
DA:6,1
DA:9,1
DA:10,1
LF:6
LH:6
BRF:0
BRH:0
end_of_record
TN:
SF:/Users/NoxAir/Development/makers-academy/final-project/mapp/src/socketStripper.js
FN:1,(anonymous_1)
FNF:1
FNH:1
FNDA:2,(anonymous_1)
DA:1,1
DA:2,2
LF:2
LH:2
BRF:0
BRH:0
end_of_record
TN:
SF:/Users/NoxAir/Development/makers-academy/final-project/mapp/spec/node/tweetFormatterSpec.js
FN:3,(anonymous_1)
FN:5,(anonymous_2)
FN:9,(anonymous_3)
FN:13,(anonymous_4)
FNF:4
FNH:4
FNDA:1,(anonymous_1)
FNDA:1,(anonymous_2)
FNDA:1,(anonymous_3)
FNDA:1,(anonymous_4)
DA:1,1
DA:3,1
DA:5,1
DA:6,1
DA:9,1
DA:10,1
DA:13,1
DA:14,1
LF:8
LH:8
BRF:0
BRH:0
end_of_record
TN:
SF:/Users/NoxAir/Development/makers-academy/final-project/mapp/src/tweetFormatter.js
FN:1,(anonymous_1)
FNF:1
FNH:1
FNDA:3,(anonymous_1)
DA:1,1
DA:2,3
LF:2
LH:2
BRF:0
BRH:0
end_of_record
TN:
SF:/Users/NoxAir/Development/makers-academy/final-project/mapp/spec/node/tweetSpec.js
FN:1,(anonymous_1)
FN:3,(anonymous_2)
FN:7,(anonymous_3)
FN:11,(anonymous_4)
FN:15,(anonymous_5)
FNF:5
FNH:5
FNDA:1,(anonymous_1)
FNDA:1,(anonymous_2)
FNDA:1,(anonymous_3)
FNDA:1,(anonymous_4)
FNDA:1,(anonymous_5)
DA:1,1
DA:3,1
DA:4,1
DA:7,1
DA:8,1
DA:11,1
DA:12,1
DA:15,1
DA:16,1
LF:9
LH:9
BRF:0
BRH:0
end_of_record
